{"contracts\\donations.sol":{"l":{"12":21,"19":13,"20":12,"21":10,"23":12,"30":4,"31":2,"35":3,"39":3},"path":"E:\\Programming\\DonationsProject\\contracts\\donations.sol","s":{"1":21,"2":13,"3":12,"4":10,"5":12,"6":4,"7":2,"8":3,"9":3},"b":{"1":[12,1],"2":[10,2],"3":[2,2]},"f":{"1":21,"2":13,"3":4,"4":3,"5":3},"fnMap":{"1":{"name":"constructor","line":11,"loc":{"start":{"line":11,"column":4},"end":{"line":13,"column":4}}},"2":{"name":"donationFund","line":18,"loc":{"start":{"line":18,"column":4},"end":{"line":24,"column":4}}},"3":{"name":"donationWithdraw","line":26,"loc":{"start":{"line":26,"column":4},"end":{"line":32,"column":4}}},"4":{"name":"allDonationsAddreses","line":34,"loc":{"start":{"line":34,"column":4},"end":{"line":36,"column":4}}},"5":{"name":"amountByAddress","line":38,"loc":{"start":{"line":38,"column":4},"end":{"line":40,"column":4}}}},"statementMap":{"1":{"start":{"line":12,"column":8},"end":{"line":12,"column":25}},"2":{"start":{"line":19,"column":8},"end":{"line":19,"column":52}},"3":{"start":{"line":20,"column":8},"end":{"line":20,"column":866}},"4":{"start":{"line":21,"column":12},"end":{"line":21,"column":44}},"5":{"start":{"line":23,"column":8},"end":{"line":23,"column":55}},"6":{"start":{"line":30,"column":8},"end":{"line":30,"column":51}},"7":{"start":{"line":31,"column":8},"end":{"line":31,"column":37}},"8":{"start":{"line":35,"column":8},"end":{"line":35,"column":31}},"9":{"start":{"line":39,"column":8},"end":{"line":39,"column":48}}},"branchMap":{"1":{"line":19,"type":"if","locations":[{"start":{"line":19,"column":8},"end":{"line":19,"column":8}},{"start":{"line":19,"column":8},"end":{"line":19,"column":8}}]},"2":{"line":20,"type":"if","locations":[{"start":{"line":20,"column":8},"end":{"line":20,"column":8}},{"start":{"line":20,"column":8},"end":{"line":20,"column":8}}]},"3":{"line":30,"type":"if","locations":[{"start":{"line":30,"column":8},"end":{"line":30,"column":8}},{"start":{"line":30,"column":8},"end":{"line":30,"column":8}}]}}}}